[1m[31m[31mX [41;31m[[41;97mERROR[41;31m][0m [1mTS2339: Property 'openActivityInsights' does not exist on type 'WorkflowPageComponent'.[0m [1m[35m[plugin angular-compiler][0m

    src/app/features/workflow/workflow-page.component.html:192:31:
[37m      192 │                       (click)="[32mopenActivityInsights[37m(activity)"
          ╵                                [32m~~~~~~~~~~~~~~~~~~~~[0m

  Error occurs in the template of component WorkflowPageComponent.

    src/app/features/workflow/workflow-page.component.ts:37:15:
[37m      37 │   templateUrl: [32m'./workflow-page.component.html'[37m,
         ╵                [32m~~~~~~~~~~~~~~~~~~~~~~~~~~~~~~~~[0m


[31mX [41;31m[[41;97mERROR[41;31m][0m [1mTS2339: Property 'openActivityInsights' does not exist on type 'WorkflowPageComponent'.[0m [1m[35m[plugin angular-compiler][0m

    src/app/features/workflow/workflow-page.component.html:260:31:
[37m      260 │                       (click)="[32mopenActivityInsights[37m(activity)"
          ╵                                [32m~~~~~~~~~~~~~~~~~~~~[0m

  Error occurs in the template of component WorkflowPageComponent.

    src/app/features/workflow/workflow-page.component.ts:37:15:
[37m      37 │   templateUrl: [32m'./workflow-page.component.html'[37m,
         ╵                [32m~~~~~~~~~~~~~~~~~~~~~~~~~~~~~~~~[0m


[31mX [41;31m[[41;97mERROR[41;31m][0m [1mTS2339: Property 'openActivityInsights' does not exist on type 'WorkflowPageComponent'.[0m [1m[35m[plugin angular-compiler][0m

    src/app/features/workflow/workflow-page.component.html:340:29:
[37m      340 │                     (click)="[32mopenActivityInsights[37m(activity)"
          ╵                              [32m~~~~~~~~~~~~~~~~~~~~[0m

  Error occurs in the template of component WorkflowPageComponent.

    src/app/features/workflow/workflow-page.component.ts:37:15:
[37m      37 │   templateUrl: [32m'./workflow-page.component.html'[37m,
         ╵                [32m~~~~~~~~~~~~~~~~~~~~~~~~~~~~~~~~[0m

[39m[22m
[1m[31m[31mX [41;31m[[41;97mERROR[41;31m][0m [1mTS2339: Property 'benchmarkHighlights' does not exist on type 'DashboardPageComponent'.[0m [1m[35m[plugin angular-compiler][0m

    src/app/features/dashboard/dashboard-page.component.html:47:24:
[37m      47 │           @for (stat of [32mbenchmarkHighlights[37m(); track stat.label) {
         ╵                         [32m~~~~~~~~~~~~~~~~~~~[0m

  Error occurs in the template of component DashboardPageComponent.

    src/app/features/dashboard/dashboard-page.component.ts:111:15:
[37m      111 │   templateUrl: [32m'./dashboard-page.component.html'[37m,
          ╵                [32m~~~~~~~~~~~~~~~~~~~~~~~~~~~~~~~~~[0m


[31mX [41;31m[[41;97mERROR[41;31m][0m [1mTS2339: Property 'benchmarkFootnote' does not exist on type 'DashboardPageComponent'.[0m [1m[35m[plugin angular-compiler][0m

    src/app/features/dashboard/dashboard-page.component.html:55:41:
[37m      55 │         <p class="benchmark-footnote">{{ [32mbenchmarkFootnote[37m() }}</p>
         ╵                                          [32m~~~~~~~~~~~~~~~~~[0m

  Error occurs in the template of component DashboardPageComponent.

    src/app/features/dashboard/dashboard-page.component.ts:111:15:
[37m      111 │   templateUrl: [32m'./dashboard-page.component.html'[37m,
          ╵                [32m~~~~~~~~~~~~~~~~~~~~~~~~~~~~~~~~~[0m

[39m[22m
[1m[31m[31mX [41;31m[[41;97mERROR[41;31m][0m [1mTS2339: Property 'benchmarkRadarSubtitle' does not exist on type 'DashboardPageComponent'.[0m [1m[35m[plugin angular-compiler][0m

    src/app/features/dashboard/dashboard-page.component.html:40:20:
[37m      40 │         [subtitle]="[32mbenchmarkRadarSubtitle[37m()"
         ╵                     [32m~~~~~~~~~~~~~~~~~~~~~~[0m

  Error occurs in the template of component DashboardPageComponent.

    src/app/features/dashboard/dashboard-page.component.ts:111:15:
[37m      111 │   templateUrl: [32m'./dashboard-page.component.html'[37m,
          ╵                [32m~~~~~~~~~~~~~~~~~~~~~~~~~~~~~~~~~[0m

[39m[22m
^C