
> frontend@0.0.0 start
> ng serve --proxy-config proxy.conf.json

[33m>[39m Building...
[32m√[39m Building...
[1mInitial chunk files[22m[2m | [22m[1mNames[22m                              [2m | [22m [1mRaw size[22m
[32mmain.js[39m            [2m | [22m[2mmain[22m                               [2m | [22m [36m30.76 kB[39m[2m | [22m
[32mstyles.css[39m         [2m | [22m[2mstyles[22m                             [2m | [22m [36m27.15 kB[39m[2m | [22m
[32mchunk-G45QHBRF.js[39m  [2m | [22m[2m-[22m                                  [2m | [22m [36m10.35 kB[39m[2m | [22m
[32mchunk-VUJOFXKG.js[39m  [2m | [22m[2m-[22m                                  [2m | [22m[36m938 bytes[39m[2m | [22m

[1m [22m                  [2m | [22m[1mInitial total[22m                      [2m | [22m [1m69.20 kB[22m

[1mLazy chunk files[22m   [2m | [22m[1mNames[22m                              [2m | [22m [1mRaw size[22m
[32mchunk-MPN2VOAA.js[39m  [2m | [22m[2mdashboard-page-component[22m           [2m | [22m[36m337.33 kB[39m[2m | [22m
[32mchunk-IPCUXZT6.js[39m  [2m | [22m[2mapp-shell-component[22m                [2m | [22m[36m205.99 kB[39m[2m | [22m
[32mchunk-Q5K3AKXX.js[39m  [2m | [22m[2musers-page-component[22m               [2m | [22m[36m194.00 kB[39m[2m | [22m
[32mchunk-FE52K23C.js[39m  [2m | [22m[2mteaching-page-component[22m            [2m | [22m[36m192.75 kB[39m[2m | [22m
[32mchunk-67GKSKIH.js[39m  [2m | [22m[2msupervision-page-component[22m         [2m | [22m[36m146.04 kB[39m[2m | [22m
[32mchunk-56UXSI4F.js[39m  [2m | [22m[2mworkflow-page-component[22m            [2m | [22m[36m130.93 kB[39m[2m | [22m
[32mchunk-ZXOTZVWB.js[39m  [2m | [22m[2mprofile-page-component[22m             [2m | [22m[36m120.05 kB[39m[2m | [22m
[32mchunk-CLEJGQCH.js[39m  [2m | [22m[2mresearch-page-component[22m            [2m | [22m[36m115.64 kB[39m[2m | [22m
[32mchunk-7A3DYNFC.js[39m  [2m | [22m[2mexam-surveillance-page-component[22m   [2m | [22m[36m100.20 kB[39m[2m | [22m
[32mchunk-CQRF2M7D.js[39m  [2m | [22m[2mresponsibilities-page-component[22m    [2m | [22m [36m93.09 kB[39m[2m | [22m
[32mchunk-POSVPTGP.js[39m  [2m | [22m[2mevents-page-component[22m              [2m | [22m [36m92.61 kB[39m[2m | [22m
[32mchunk-VEL5TFUL.js[39m  [2m | [22m[2mavailability-request-page-component[22m[2m | [22m [36m87.59 kB[39m[2m | [22m
[32mchunk-UTLUJFE4.js[39m  [2m | [22m[2madministration-page-component[22m      [2m | [22m [36m76.26 kB[39m[2m | [22m
[32mchunk-3O6GZF7G.js[39m  [2m | [22m[2mreports-page-component[22m             [2m | [22m [36m72.65 kB[39m[2m | [22m
[32mchunk-77OONICE.js[39m  [2m | [22m[2mlogin-page-component[22m               [2m | [22m [36m56.50 kB[39m[2m | [22m
[2m...and 19 more lazy chunks files. Use "--verbose" to show all the files.[22m

Application bundle generation complete. [12.096 seconds] - 2026-05-13T07:55:00.481Z

Watch mode enabled. Watching for file changes...
NOTE: Raw file sizes do not reflect development server per-request transformations.
  [32m➜[39m  [1mLocal[22m:   [36mhttp://localhost:[1m4200[22m/[39m
